Info: Nothing to build for TP_1
Info: Nothing to build for TP_1
Info: Nothing to build for TP_1
18:02:57 **** Incremental Build of configuration Debug for project TP_1 ****
Info: Internal Builder is used for build
gcc -O0 -g3 -Wall -c -fmessage-length=0 -o "src\\TP_1.o" "..\\src\\TP_1.c" 
gcc -O0 -g3 -Wall -c -fmessage-length=0 -o "src\\utn_Validaciones.o" "..\\src\\utn_Validaciones.c" 
..\src\utn_Validaciones.c: In function 'medirLongitud':
..\src\utn_Validaciones.c:17:14: warning: implicit declaration of function 'strlen' [-Wimplicit-function-declaration]
    retorno = strlen(cadena);
              ^~~~~~
..\src\utn_Validaciones.c:17:14: warning: incompatible implicit declaration of built-in function 'strlen'
..\src\utn_Validaciones.c:17:14: note: include '<string.h>' or provide a declaration of 'strlen'
..\src\utn_Validaciones.c: In function 'validarLongitud':
..\src\utn_Validaciones.c:38:16: warning: incompatible implicit declaration of built-in function 'strlen'
     longitud = strlen(cadena);
                ^~~~~~
..\src\utn_Validaciones.c:38:16: note: include '<string.h>' or provide a declaration of 'strlen'
..\src\utn_Validaciones.c: In function 'pedirNumero_decimal':
..\src\utn_Validaciones.c:100:93: warning: left-hand operand of comma expression has no effect [-Wunused-value]
   if(numero != NULL && mensaje != NULL && mensajeError != NULL && min >= 0 && max <= 1000000, intentos > 0)
                                                                                             ^
gcc -o TP_1.exe "src\\TP_1.o" "src\\utn_Validaciones.o" 
18:03:12 **** Incremental Build of configuration Debug for project TP_1 ****
Info: Internal Builder is used for build
gcc -O0 -g3 -Wall -c -fmessage-length=0 -o "src\\utn_Validaciones.o" "..\\src\\utn_Validaciones.c" 
..\src\utn_Validaciones.c: In function 'pedirNumero_decimal':
..\src\utn_Validaciones.c:101:93: warning: left-hand operand of comma expression has no effect [-Wunused-value]
   if(numero != NULL && mensaje != NULL && mensajeError != NULL && min >= 0 && max <= 1000000, intentos > 0)
                                                                                             ^
gcc -o TP_1.exe "src\\TP_1.o" "src\\utn_Validaciones.o" 
18:03:20 **** Incremental Build of configuration Debug for project TP_1 ****
Info: Internal Builder is used for build
gcc -O0 -g3 -Wall -c -fmessage-length=0 -o "src\\utn_Validaciones.o" "..\\src\\utn_Validaciones.c" 
gcc -o TP_1.exe "src\\TP_1.o" "src\\utn_Validaciones.o" 
Info: Nothing to build for TP_1
Info: Nothing to build for TP_1
Info: Nothing to build for TP_1
Info: Nothing to build for TP_1
18:04:41 **** Incremental Build of configuration Debug for project TP_1 ****
Info: Internal Builder is used for build
gcc -O0 -g3 -Wall -c -fmessage-length=0 -o "src\\utn_Validaciones.o" "..\\src\\utn_Validaciones.c" 
gcc -o TP_1.exe "src\\TP_1.o" "src\\utn_Validaciones.o" 
Info: Nothing to build for TP_1
18:05:04 **** Incremental Build of configuration Debug for project TP_1 ****
Info: Internal Builder is used for build
gcc -O0 -g3 -Wall -c -fmessage-length=0 -o "src\\TP_1.o" "..\\src\\TP_1.c" 
gcc -o TP_1.exe "src\\TP_1.o" "src\\utn_Validaciones.o" 
Info: Nothing to build for TP_1
18:08:05 **** Incremental Build of configuration Debug for project TP_1 ****
Info: Internal Builder is used for build
gcc -O0 -g3 -Wall -c -fmessage-length=0 -o "src\\TP_1.o" "..\\src\\TP_1.c" 
gcc -O0 -g3 -Wall -c -fmessage-length=0 -o "src\\utn_Validaciones.o" "..\\src\\utn_Validaciones.c" 
..\src\utn_Validaciones.c: In function 'pedirNumeroEntero':
..\src\utn_Validaciones.c:200:22: warning: implicit declaration of function 'validar_numerosEnteros' [-Wimplicit-function-declaration]
      retornoNumero = validar_numerosEnteros(buffer, medirLongitud(buffer));
                      ^~~~~~~~~~~~~~~~~~~~~~
gcc -o TP_1.exe "src\\TP_1.o" "src\\utn_Validaciones.o" 
src\utn_Validaciones.o: In function `pedirNumeroEntero':
D:\Facultad\Programación\1er Cuatrimestre\Programacion y Laboratorio I\TP_Laboratoro_1\TP_1\Debug/../src/utn_Validaciones.c:200: undefined reference to `validar_numerosEnteros'
collect2.exe: error: ld returned 1 exit status
18:09:03 **** Incremental Build of configuration Debug for project TP_1 ****
Info: Internal Builder is used for build
gcc -O0 -g3 -Wall -c -fmessage-length=0 -o "src\\utn_Validaciones.o" "..\\src\\utn_Validaciones.c" 
gcc -O0 -g3 -Wall -c -fmessage-length=0 -o "src\\TP_1.o" "..\\src\\TP_1.c" 
gcc -o TP_1.exe "src\\TP_1.o" "src\\utn_Validaciones.o" 
18:10:08 **** Incremental Build of configuration Debug for project TP_1 ****
Info: Internal Builder is used for build
gcc -O0 -g3 -Wall -c -fmessage-length=0 -o "src\\TP_1.o" "..\\src\\TP_1.c" 
gcc -o TP_1.exe "src\\TP_1.o" "src\\utn_Validaciones.o" 
Info: Nothing to build for TP_1
18:10:23 **** Incremental Build of configuration Debug for project TP_1 ****
Info: Internal Builder is used for build
gcc -O0 -g3 -Wall -c -fmessage-length=0 -o "src\\TP_1.o" "..\\src\\TP_1.c" 
gcc -o TP_1.exe "src\\TP_1.o" "src\\utn_Validaciones.o" 
Info: Nothing to build for TP_1
Info: Nothing to build for TP_1
Info: Nothing to build for TP_1
18:16:34 **** Incremental Build of configuration Debug for project TP_1 ****
Info: Internal Builder is used for build
gcc -O0 -g3 -Wall -c -fmessage-length=0 -o "src\\utn_Validaciones.o" "..\\src\\utn_Validaciones.c" 
gcc -O0 -g3 -Wall -c -fmessage-length=0 -o "src\\TP_1.o" "..\\src\\TP_1.c" 
..\src\TP_1.c: In function 'main':
..\src\TP_1.c:46:5: warning: 'opcion' is used uninitialized in this function [-Wuninitialized]
     switch(opcion)
     ^~~~~~
gcc -O0 -g3 -Wall -c -fmessage-length=0 -o "src\\Menu.o" "..\\src\\Menu.c" 
gcc -o TP_1.exe "src\\Menu.o" "src\\TP_1.o" "src\\utn_Validaciones.o" 
18:17:20 **** Incremental Build of configuration Debug for project TP_1 ****
Info: Internal Builder is used for build
gcc -O0 -g3 -Wall -c -fmessage-length=0 -o "src\\Menu.o" "..\\src\\Menu.c" 
gcc -O0 -g3 -Wall -c -fmessage-length=0 -o "src\\TP_1.o" "..\\src\\TP_1.c" 
gcc -o TP_1.exe "src\\Menu.o" "src\\TP_1.o" "src\\utn_Validaciones.o" 
Info: Nothing to build for TP_1
18:18:16 **** Incremental Build of configuration Debug for project TP_1 ****
Info: Internal Builder is used for build
gcc -O0 -g3 -Wall -c -fmessage-length=0 -o "src\\utn_Validaciones.o" "..\\src\\utn_Validaciones.c" 
gcc -O0 -g3 -Wall -c -fmessage-length=0 -o "src\\Menu.o" "..\\src\\Menu.c" 
gcc -o TP_1.exe "src\\Menu.o" "src\\TP_1.o" "src\\utn_Validaciones.o" 
Info: Nothing to build for TP_1
18:22:24 **** Incremental Build of configuration Debug for project TP_1 ****
Info: Internal Builder is used for build
gcc -O0 -g3 -Wall -c -fmessage-length=0 -o "src\\TP_1.o" "..\\src\\TP_1.c" 
gcc -o TP_1.exe "src\\Menu.o" "src\\TP_1.o" "src\\utn_Validaciones.o" 
Info: Nothing to build for TP_1
18:23:17 **** Incremental Build of configuration Debug for project TP_1 ****
Info: Internal Builder is used for build
gcc -O0 -g3 -Wall -c -fmessage-length=0 -o "src\\TP_1.o" "..\\src\\TP_1.c" 
gcc -o TP_1.exe "src\\Menu.o" "src\\TP_1.o" "src\\utn_Validaciones.o" 
Info: Nothing to build for TP_1
18:24:51 **** Incremental Build of configuration Debug for project TP_1 ****
Info: Internal Builder is used for build
gcc -O0 -g3 -Wall -c -fmessage-length=0 -o "src\\TP_1.o" "..\\src\\TP_1.c" 
..\src\TP_1.c: In function 'main':
..\src\TP_1.c:72:109: error: incompatible type for argument 3 of 'pedirNumero_decimal'
       retornoPrecioL = pedirNumero_decimal(&precioLatam, "Ingrese el precio de Latam (Precio Latam %.2f): ",(precioLatam),"Error. Ingrese lo que se le pide\n", 1, 1000000, 3);
                                                                                                             ^
In file included from ..\src\TP_1.c:9:0:
..\src\utn_Validaciones.h:8:5: note: expected 'char *' but argument is of type 'float'
 int pedirNumero_decimal(float* numero, char* mensaje, char* mensajeError, int min, int max, int intentos);
     ^~~~~~~~~~~~~~~~~~~
..\src\TP_1.c:72:123: warning: passing argument 4 of 'pedirNumero_decimal' makes integer from pointer without a cast [-Wint-conversion]
       retornoPrecioL = pedirNumero_decimal(&precioLatam, "Ingrese el precio de Latam (Precio Latam %.2f): ",(precioLatam),"Error. Ingrese lo que se le pide\n", 1, 1000000, 3);
                                                                                                                           ^~~~~~~~~~~~~~~~~~~~~~~~~~~~~~~~~~~~
In file included from ..\src\TP_1.c:9:0:
..\src\utn_Validaciones.h:8:5: note: expected 'int' but argument is of type 'char *'
 int pedirNumero_decimal(float* numero, char* mensaje, char* mensajeError, int min, int max, int intentos);
     ^~~~~~~~~~~~~~~~~~~
..\src\TP_1.c:72:24: error: too many arguments to function 'pedirNumero_decimal'
       retornoPrecioL = pedirNumero_decimal(&precioLatam, "Ingrese el precio de Latam (Precio Latam %.2f): ",(precioLatam),"Error. Ingrese lo que se le pide\n", 1, 1000000, 3);
                        ^~~~~~~~~~~~~~~~~~~
In file included from ..\src\TP_1.c:9:0:
..\src\utn_Validaciones.h:8:5: note: declared here
 int pedirNumero_decimal(float* numero, char* mensaje, char* mensajeError, int min, int max, int intentos);
     ^~~~~~~~~~~~~~~~~~~
18:25:03 **** Incremental Build of configuration Debug for project TP_1 ****
Info: Internal Builder is used for build
gcc -O0 -g3 -Wall -c -fmessage-length=0 -o "src\\TP_1.o" "..\\src\\TP_1.c" 
..\src\TP_1.c: In function 'main':
..\src\TP_1.c:72:109: warning: left-hand operand of comma expression has no effect [-Wunused-value]
       retornoPrecioL = pedirNumero_decimal(&precioLatam, ("Ingrese el precio de Latam (Precio Latam %.2f): ",precioLatam),"Error. Ingrese lo que se le pide\n", 1, 1000000, 3);
                                                                                                             ^
..\src\TP_1.c:72:58: error: incompatible type for argument 2 of 'pedirNumero_decimal'
       retornoPrecioL = pedirNumero_decimal(&precioLatam, ("Ingrese el precio de Latam (Precio Latam %.2f): ",precioLatam),"Error. Ingrese lo que se le pide\n", 1, 1000000, 3);
                                                          ^
In file included from ..\src\TP_1.c:9:0:
..\src\utn_Validaciones.h:8:5: note: expected 'char *' but argument is of type 'float'
 int pedirNumero_decimal(float* numero, char* mensaje, char* mensajeError, int min, int max, int intentos);
     ^~~~~~~~~~~~~~~~~~~
18:25:56 **** Incremental Build of configuration Debug for project TP_1 ****
Info: Internal Builder is used for build
gcc -O0 -g3 -Wall -c -fmessage-length=0 -o "src\\TP_1.o" "..\\src\\TP_1.c" 
gcc -o TP_1.exe "src\\Menu.o" "src\\TP_1.o" "src\\utn_Validaciones.o" 
18:29:24 **** Rebuild of configuration Debug for project TP4_Windows ****
Info: Internal Builder is used for build
gcc -O0 -g3 -Wall -c -fmessage-length=0 -o "src\\LinkedList.o" "..\\src\\LinkedList.c" 
gcc -O0 -g3 -Wall -c -fmessage-length=0 -o "src\\Controller.o" "..\\src\\Controller.c" 
gcc -O0 -g3 -Wall -c -fmessage-length=0 -o "src\\Passenger.o" "..\\src\\Passenger.c" 
gcc -O0 -g3 -Wall -c -fmessage-length=0 -o "src\\Menu.o" "..\\src\\Menu.c" 
gcc -O0 -g3 -Wall -c -fmessage-length=0 -o "src\\TP4_Windows.o" "..\\src\\TP4_Windows.c" 
gcc -O0 -g3 -Wall -c -fmessage-length=0 -o "src\\Validations.o" "..\\src\\Validations.c" 
gcc -O0 -g3 -Wall -c -fmessage-length=0 -o "src\\Parser.o" "..\\src\\Parser.c" 
gcc -o TP4_Windows.exe "src\\Controller.o" "src\\LinkedList.o" "src\\Menu.o" "src\\Parser.o" "src\\Passenger.o" "src\\TP4_Windows.o" "src\\Validations.o" 
18:29:28 **** Incremental Build of configuration Debug for project TP_1 ****
Info: Internal Builder is used for build
gcc -O0 -g3 -Wall -c -fmessage-length=0 -o "src\\CalculosAerolineas.o" "..\\src\\CalculosAerolineas.c" 
gcc -O0 -g3 -Wall -c -fmessage-length=0 -o "src\\TP_1.o" "..\\src\\TP_1.c" 
gcc -o TP_1.exe "src\\CalculosAerolineas.o" "src\\Menu.o" "src\\TP_1.o" "src\\utn_Validaciones.o" 
18:29:29 **** Rebuild of configuration Debug for project TP_2 ****
Info: Internal Builder is used for build
gcc -O0 -g3 -Wall -c -fmessage-length=0 -o "src\\Menu.o" "..\\src\\Menu.c" 
gcc -O0 -g3 -Wall -c -fmessage-length=0 -o "src\\TP_2.o" "..\\src\\TP_2.c" 
gcc -O0 -g3 -Wall -c -fmessage-length=0 -o "src\\validation.o" "..\\src\\validation.c" 
gcc -O0 -g3 -Wall -c -fmessage-length=0 -o "src\\ArrayPassenger.o" "..\\src\\ArrayPassenger.c" 
gcc -o TP_2.exe "src\\ArrayPassenger.o" "src\\Menu.o" "src\\TP_2.o" "src\\validation.o" 
18:29:32 **** Incremental Build of configuration Debug for project tp3_windows ****
Info: Internal Builder is used for build
gcc -O0 -g3 -Wall -c -fmessage-length=0 -o Passenger.o "..\\Passenger.c" 
gcc "-LD:\\Facultad\\Programación\\1er Cuatrimestre\\Programacion y Laboratorio I\\TP_Laboratoro_1\\tp3_windows" -o tp3_windows.exe Controller.o Menu.o Passenger.o Validations.o main.o parser.o -lLinkedList 
18:30:25 **** Incremental Build of configuration Debug for project TP_1 ****
Info: Internal Builder is used for build
gcc -O0 -g3 -Wall -c -fmessage-length=0 -o "src\\CalculosAerolineas.o" "..\\src\\CalculosAerolineas.c" 
gcc -O0 -g3 -Wall -c -fmessage-length=0 -o "src\\utn_Validaciones.o" "..\\src\\utn_Validaciones.c" 
gcc -o TP_1.exe "src\\CalculosAerolineas.o" "src\\Menu.o" "src\\TP_1.o" "src\\utn_Validaciones.o" 
Info: Nothing to build for TP_1
18:34:06 **** Incremental Build of configuration Debug for project TP_1 ****
Info: Internal Builder is used for build
gcc -O0 -g3 -Wall -c -fmessage-length=0 -o "src\\CalculosAerolineas.o" "..\\src\\CalculosAerolineas.c" 
..\src\CalculosAerolineas.c:133:5: error: conflicting types for 'calcularPrecios'
 int calcularPrecios(int precio, int* debito, int* credito, int* bitcoin, int* precioUnitario)
     ^~~~~~~~~~~~~~~
In file included from ..\src\CalculosAerolineas.c:4:0:
..\src\CalculosAerolineas.h:14:5: note: previous declaration of 'calcularPrecios' was here
 int calcularPrecios(int* debito, int* credito, int* bitcoin, int* precioUnitario);
     ^~~~~~~~~~~~~~~
..\src\CalculosAerolineas.c: In function 'calcularPrecios':
..\src\CalculosAerolineas.c:139:31: warning: passing argument 3 of 'calcularDebito' makes pointer from integer without a cast [-Wint-conversion]
    calcularDebito(precio, 25, *debito);
                               ^
..\src\CalculosAerolineas.c:6:5: note: expected 'float *' but argument is of type 'int'
 int calcularDebito(float precio, int descuento, float* total)
     ^~~~~~~~~~~~~~
18:34:19 **** Incremental Build of configuration Debug for project TP_1 ****
Info: Internal Builder is used for build
gcc -O0 -g3 -Wall -c -fmessage-length=0 -o "src\\Menu.o" "..\\src\\Menu.c" 
gcc -O0 -g3 -Wall -c -fmessage-length=0 -o "src\\CalculosAerolineas.o" "..\\src\\CalculosAerolineas.c" 
..\src\CalculosAerolineas.c: In function 'calcularPrecios':
..\src\CalculosAerolineas.c:139:31: warning: passing argument 3 of 'calcularDebito' makes pointer from integer without a cast [-Wint-conversion]
    calcularDebito(precio, 25, *debito);
                               ^
..\src\CalculosAerolineas.c:6:5: note: expected 'float *' but argument is of type 'int'
 int calcularDebito(float precio, int descuento, float* total)
     ^~~~~~~~~~~~~~
gcc -O0 -g3 -Wall -c -fmessage-length=0 -o "src\\utn_Validaciones.o" "..\\src\\utn_Validaciones.c" 
gcc -O0 -g3 -Wall -c -fmessage-length=0 -o "src\\TP_1.o" "..\\src\\TP_1.c" 
gcc -o TP_1.exe "src\\CalculosAerolineas.o" "src\\Menu.o" "src\\TP_1.o" "src\\utn_Validaciones.o" 
18:36:37 **** Incremental Build of configuration Debug for project TP_1 ****
Info: Internal Builder is used for build
gcc -O0 -g3 -Wall -c -fmessage-length=0 -o "src\\CalculosAerolineas.o" "..\\src\\CalculosAerolineas.c" 
..\src\CalculosAerolineas.c: In function 'calcularDebito':
..\src\CalculosAerolineas.c:13:43: error: invalid operands to binary != (have 'float' and 'void *')
   if(precio > 0 && descuento > 0 && total != NULL)
                                           ^~
..\src\CalculosAerolineas.c: In function 'calcularPrecios':
..\src\CalculosAerolineas.c:140:4: error: too many arguments to function 'calcularDebito'
    calcularDebito(precio, 25, debito);
    ^~~~~~~~~~~~~~
..\src\CalculosAerolineas.c:7:5: note: declared here
 int calcularDebito(float precio, int descuento)
     ^~~~~~~~~~~~~~
18:36:49 **** Incremental Build of configuration Debug for project TP_1 ****
Info: Internal Builder is used for build
gcc -O0 -g3 -Wall -c -fmessage-length=0 -o "src\\CalculosAerolineas.o" "..\\src\\CalculosAerolineas.c" 
..\src\CalculosAerolineas.c: In function 'calcularPrecios':
..\src\CalculosAerolineas.c:140:4: error: too many arguments to function 'calcularDebito'
    calcularDebito(precio, 25, debito);
    ^~~~~~~~~~~~~~
..\src\CalculosAerolineas.c:7:5: note: declared here
 int calcularDebito(float precio, int descuento)
     ^~~~~~~~~~~~~~
18:37:27 **** Incremental Build of configuration Debug for project TP_1 ****
Info: Internal Builder is used for build
gcc -O0 -g3 -Wall -c -fmessage-length=0 -o "src\\CalculosAerolineas.o" "..\\src\\CalculosAerolineas.c" 
gcc -O0 -g3 -Wall -c -fmessage-length=0 -o "src\\TP_1.o" "..\\src\\TP_1.c" 
..\src\TP_1.c: In function 'main':
..\src\TP_1.c:117:8: warning: 'debitoA' may be used uninitialized in this function [-Wmaybe-uninitialized]
        informarResultados(debitoA, creditoA, bitcoinA, unitarioA);
        ^~~~~~~~~~~~~~~~~~~~~~~~~~~~~~~~~~~~~~~~~~~~~~~~~~~~~~~~~~
..\src\TP_1.c:117:8: warning: 'creditoA' may be used uninitialized in this function [-Wmaybe-uninitialized]
..\src\TP_1.c:117:8: warning: 'bitcoinA' may be used uninitialized in this function [-Wmaybe-uninitialized]
..\src\TP_1.c:117:8: warning: 'unitarioA' may be used uninitialized in this function [-Wmaybe-uninitialized]
..\src\TP_1.c:120:8: warning: 'debitoL' may be used uninitialized in this function [-Wmaybe-uninitialized]
        informarResultados(debitoL, creditoL, bitcoinL, unitarioL);
        ^~~~~~~~~~~~~~~~~~~~~~~~~~~~~~~~~~~~~~~~~~~~~~~~~~~~~~~~~~
..\src\TP_1.c:120:8: warning: 'creditoL' may be used uninitialized in this function [-Wmaybe-uninitialized]
..\src\TP_1.c:120:8: warning: 'bitcoinL' may be used uninitialized in this function [-Wmaybe-uninitialized]
..\src\TP_1.c:120:8: warning: 'unitarioL' may be used uninitialized in this function [-Wmaybe-uninitialized]
..\src\TP_1.c:122:8: warning: 'diferenciaPrecio' may be used uninitialized in this function [-Wmaybe-uninitialized]
        printf("La deferencia de precio es de: %.2f\n", diferenciaPrecio);
        ^~~~~~~~~~~~~~~~~~~~~~~~~~~~~~~~~~~~~~~~~~~~~~~~~~~~~~~~~~~~~~~~~
gcc -o TP_1.exe "src\\CalculosAerolineas.o" "src\\Menu.o" "src\\TP_1.o" "src\\utn_Validaciones.o" 
18:37:43 **** Incremental Build of configuration Debug for project TP_1 ****
Info: Internal Builder is used for build
gcc -O0 -g3 -Wall -c -fmessage-length=0 -o "src\\TP_1.o" "..\\src\\TP_1.c" 
..\src\TP_1.c: In function 'main':
..\src\TP_1.c:36:8: warning: unused variable 'diferenciaPrecio' [-Wunused-variable]
  float diferenciaPrecio;
        ^~~~~~~~~~~~~~~~
..\src\TP_1.c:34:8: warning: unused variable 'unitarioL' [-Wunused-variable]
  float unitarioL;
        ^~~~~~~~~
..\src\TP_1.c:33:8: warning: unused variable 'bitcoinL' [-Wunused-variable]
  float bitcoinL;
        ^~~~~~~~
..\src\TP_1.c:32:8: warning: unused variable 'creditoL' [-Wunused-variable]
  float creditoL;
        ^~~~~~~~
..\src\TP_1.c:31:8: warning: unused variable 'debitoL' [-Wunused-variable]
  float debitoL;
        ^~~~~~~
..\src\TP_1.c:29:8: warning: unused variable 'unitarioA' [-Wunused-variable]
  float unitarioA;
        ^~~~~~~~~
..\src\TP_1.c:28:8: warning: unused variable 'bitcoinA' [-Wunused-variable]
  float bitcoinA;
        ^~~~~~~~
..\src\TP_1.c:27:8: warning: unused variable 'creditoA' [-Wunused-variable]
  float creditoA;
        ^~~~~~~~
..\src\TP_1.c:26:8: warning: unused variable 'debitoA' [-Wunused-variable]
  float debitoA;
        ^~~~~~~
gcc -o TP_1.exe "src\\CalculosAerolineas.o" "src\\Menu.o" "src\\TP_1.o" "src\\utn_Validaciones.o" 
18:39:08 **** Incremental Build of configuration Debug for project TP_1 ****
Info: Internal Builder is used for build
gcc -O0 -g3 -Wall -c -fmessage-length=0 -o "src\\TP_1.o" "..\\src\\TP_1.c" 
..\src\TP_1.c: In function 'main':
..\src\TP_1.c:102:42: warning: passing argument 2 of 'calcularPrecios' from incompatible pointer type [-Wincompatible-pointer-types]
        calcularPrecios(precioAerolineas, &debitoA, &creditoA, &bitcoinA, &unitarioA);
                                          ^
In file included from ..\src\TP_1.c:10:0:
..\src\CalculosAerolineas.h:15:5: note: expected 'int *' but argument is of type 'float *'
 int calcularPrecios(int precio, int* debito, int* credito, int* bitcoin, int* precioUnitario);
     ^~~~~~~~~~~~~~~
..\src\TP_1.c:102:52: warning: passing argument 3 of 'calcularPrecios' from incompatible pointer type [-Wincompatible-pointer-types]
        calcularPrecios(precioAerolineas, &debitoA, &creditoA, &bitcoinA, &unitarioA);
                                                    ^
In file included from ..\src\TP_1.c:10:0:
..\src\CalculosAerolineas.h:15:5: note: expected 'int *' but argument is of type 'float *'
 int calcularPrecios(int precio, int* debito, int* credito, int* bitcoin, int* precioUnitario);
     ^~~~~~~~~~~~~~~
..\src\TP_1.c:102:63: warning: passing argument 4 of 'calcularPrecios' from incompatible pointer type [-Wincompatible-pointer-types]
        calcularPrecios(precioAerolineas, &debitoA, &creditoA, &bitcoinA, &unitarioA);
                                                               ^
In file included from ..\src\TP_1.c:10:0:
..\src\CalculosAerolineas.h:15:5: note: expected 'int *' but argument is of type 'float *'
 int calcularPrecios(int precio, int* debito, int* credito, int* bitcoin, int* precioUnitario);
     ^~~~~~~~~~~~~~~
..\src\TP_1.c:102:74: warning: passing argument 5 of 'calcularPrecios' from incompatible pointer type [-Wincompatible-pointer-types]
        calcularPrecios(precioAerolineas, &debitoA, &creditoA, &bitcoinA, &unitarioA);
                                                                          ^
In file included from ..\src\TP_1.c:10:0:
..\src\CalculosAerolineas.h:15:5: note: expected 'int *' but argument is of type 'float *'
 int calcularPrecios(int precio, int* debito, int* credito, int* bitcoin, int* precioUnitario);
     ^~~~~~~~~~~~~~~
..\src\TP_1.c:103:37: warning: passing argument 2 of 'calcularPrecios' from incompatible pointer type [-Wincompatible-pointer-types]
        calcularPrecios(precioLatam, &debitoL, &creditoL, &bitcoinL, &unitarioL);
                                     ^
In file included from ..\src\TP_1.c:10:0:
..\src\CalculosAerolineas.h:15:5: note: expected 'int *' but argument is of type 'float *'
 int calcularPrecios(int precio, int* debito, int* credito, int* bitcoin, int* precioUnitario);
     ^~~~~~~~~~~~~~~
..\src\TP_1.c:103:47: warning: passing argument 3 of 'calcularPrecios' from incompatible pointer type [-Wincompatible-pointer-types]
        calcularPrecios(precioLatam, &debitoL, &creditoL, &bitcoinL, &unitarioL);
                                               ^
In file included from ..\src\TP_1.c:10:0:
..\src\CalculosAerolineas.h:15:5: note: expected 'int *' but argument is of type 'float *'
 int calcularPrecios(int precio, int* debito, int* credito, int* bitcoin, int* precioUnitario);
     ^~~~~~~~~~~~~~~
..\src\TP_1.c:103:58: warning: passing argument 4 of 'calcularPrecios' from incompatible pointer type [-Wincompatible-pointer-types]
        calcularPrecios(precioLatam, &debitoL, &creditoL, &bitcoinL, &unitarioL);
                                                          ^
In file included from ..\src\TP_1.c:10:0:
..\src\CalculosAerolineas.h:15:5: note: expected 'int *' but argument is of type 'float *'
 int calcularPrecios(int precio, int* debito, int* credito, int* bitcoin, int* precioUnitario);
     ^~~~~~~~~~~~~~~
..\src\TP_1.c:103:69: warning: passing argument 5 of 'calcularPrecios' from incompatible pointer type [-Wincompatible-pointer-types]
        calcularPrecios(precioLatam, &debitoL, &creditoL, &bitcoinL, &unitarioL);
                                                                     ^
In file included from ..\src\TP_1.c:10:0:
..\src\CalculosAerolineas.h:15:5: note: expected 'int *' but argument is of type 'float *'
 int calcularPrecios(int precio, int* debito, int* credito, int* bitcoin, int* precioUnitario);
     ^~~~~~~~~~~~~~~
..\src\TP_1.c:36:8: warning: unused variable 'diferenciaPrecio' [-Wunused-variable]
  float diferenciaPrecio;
        ^~~~~~~~~~~~~~~~
gcc -o TP_1.exe "src\\CalculosAerolineas.o" "src\\Menu.o" "src\\TP_1.o" "src\\utn_Validaciones.o" 
18:39:44 **** Incremental Build of configuration Debug for project TP_1 ****
Info: Internal Builder is used for build
gcc -O0 -g3 -Wall -c -fmessage-length=0 -o "src\\TP_1.o" "..\\src\\TP_1.c" 
..\src\TP_1.c: In function 'main':
..\src\TP_1.c:36:8: warning: unused variable 'diferenciaPrecio' [-Wunused-variable]
  float diferenciaPrecio;
        ^~~~~~~~~~~~~~~~
gcc -O0 -g3 -Wall -c -fmessage-length=0 -o "src\\CalculosAerolineas.o" "..\\src\\CalculosAerolineas.c" 
gcc -o TP_1.exe "src\\CalculosAerolineas.o" "src\\Menu.o" "src\\TP_1.o" "src\\utn_Validaciones.o" 
18:39:53 **** Incremental Build of configuration Debug for project TP_1 ****
Info: Internal Builder is used for build
gcc -O0 -g3 -Wall -c -fmessage-length=0 -o "src\\TP_1.o" "..\\src\\TP_1.c" 
gcc -o TP_1.exe "src\\CalculosAerolineas.o" "src\\Menu.o" "src\\TP_1.o" "src\\utn_Validaciones.o" 
18:41:33 **** Incremental Build of configuration Debug for project TP_1 ****
Info: Internal Builder is used for build
gcc -O0 -g3 -Wall -c -fmessage-length=0 -o "src\\CalculosAerolineas.o" "..\\src\\CalculosAerolineas.c" 
gcc -O0 -g3 -Wall -c -fmessage-length=0 -o "src\\TP_1.o" "..\\src\\TP_1.c" 
gcc -o TP_1.exe "src\\CalculosAerolineas.o" "src\\Menu.o" "src\\TP_1.o" "src\\utn_Validaciones.o" 
18:44:45 **** Incremental Build of configuration Debug for project TP_1 ****
Info: Internal Builder is used for build
gcc -O0 -g3 -Wall -c -fmessage-length=0 -o "src\\CalculosAerolineas.o" "..\\src\\CalculosAerolineas.c" 
..\src\CalculosAerolineas.c:25:5: error: conflicting types for 'calcularCredito'
 int calcularCredito(float precio, int descuento)
     ^~~~~~~~~~~~~~~
In file included from ..\src\CalculosAerolineas.c:4:0:
..\src\CalculosAerolineas.h:6:5: note: previous declaration of 'calcularCredito' was here
 int calcularCredito(float precio, int descuento, float* total);
     ^~~~~~~~~~~~~~~
..\src\CalculosAerolineas.c: In function 'calcularCredito':
..\src\CalculosAerolineas.c:37:4: error: invalid type argument of unary '*' (have 'float')
    *(total) = precio + resultado;
    ^~~~~~~~
..\src\CalculosAerolineas.c: In function 'calcularPrecios':
..\src\CalculosAerolineas.c:141:40: warning: passing argument 3 of 'calcularDebito' from incompatible pointer type [-Wincompatible-pointer-types]
    calcularDebito(precio, porcentajeD, debito);
                                        ^~~~~~
..\src\CalculosAerolineas.c:7:5: note: expected 'float **' but argument is of type 'float *'
 int calcularDebito(float precio, int descuento, float** total)
     ^~~~~~~~~~~~~~
18:45:19 **** Incremental Build of configuration Debug for project TP_1 ****
Info: Internal Builder is used for build
gcc -O0 -g3 -Wall -c -fmessage-length=0 -o "src\\CalculosAerolineas.o" "..\\src\\CalculosAerolineas.c" 
..\src\CalculosAerolineas.c: In function 'calcularPrecios':
..\src\CalculosAerolineas.c:140:40: warning: passing argument 3 of 'calcularDebito' from incompatible pointer type [-Wincompatible-pointer-types]
    calcularDebito(precio, porcentajeD, debito);
                                        ^~~~~~
..\src\CalculosAerolineas.c:7:5: note: expected 'float **' but argument is of type 'float *'
 int calcularDebito(float precio, int descuento, float** total)
     ^~~~~~~~~~~~~~
gcc -O0 -g3 -Wall -c -fmessage-length=0 -o "src\\TP_1.o" "..\\src\\TP_1.c" 
gcc -o TP_1.exe "src\\CalculosAerolineas.o" "src\\Menu.o" "src\\TP_1.o" "src\\utn_Validaciones.o" 
18:45:27 **** Incremental Build of configuration Debug for project TP_1 ****
Info: Internal Builder is used for build
gcc -O0 -g3 -Wall -c -fmessage-length=0 -o "src\\CalculosAerolineas.o" "..\\src\\CalculosAerolineas.c" 
gcc -o TP_1.exe "src\\CalculosAerolineas.o" "src\\Menu.o" "src\\TP_1.o" "src\\utn_Validaciones.o" 
18:45:43 **** Incremental Build of configuration Debug for project TP_1 ****
Info: Internal Builder is used for build
gcc -O0 -g3 -Wall -c -fmessage-length=0 -o "src\\CalculosAerolineas.o" "..\\src\\CalculosAerolineas.c" 
gcc -O0 -g3 -Wall -c -fmessage-length=0 -o "src\\TP_1.o" "..\\src\\TP_1.c" 
gcc -o TP_1.exe "src\\CalculosAerolineas.o" "src\\Menu.o" "src\\TP_1.o" "src\\utn_Validaciones.o" 
18:46:02 **** Incremental Build of configuration Debug for project TP_1 ****
Info: Internal Builder is used for build
gcc -O0 -g3 -Wall -c -fmessage-length=0 -o "src\\CalculosAerolineas.o" "..\\src\\CalculosAerolineas.c" 
..\src\CalculosAerolineas.c:134:1: error: expected '=', ',', ';', 'asm' or '__attribute__' before 'int'
 int calcularPrecios(float precio, float* debito, int porcentajeD,float* credito, int  porcentajeC,float* bitcoin, float* precioUnitario)
 ^~~
18:46:04 **** Incremental Build of configuration Debug for project TP_1 ****
Info: Internal Builder is used for build
gcc -O0 -g3 -Wall -c -fmessage-length=0 -o "src\\CalculosAerolineas.o" "..\\src\\CalculosAerolineas.c" 
gcc -o TP_1.exe "src\\CalculosAerolineas.o" "src\\Menu.o" "src\\TP_1.o" "src\\utn_Validaciones.o" 
18:46:43 **** Incremental Build of configuration Debug for project TP_1 ****
Info: Internal Builder is used for build
gcc -O0 -g3 -Wall -c -fmessage-length=0 -o "src\\TP_1.o" "..\\src\\TP_1.c" 
gcc -o TP_1.exe "src\\CalculosAerolineas.o" "src\\Menu.o" "src\\TP_1.o" "src\\utn_Validaciones.o" 
Info: Nothing to build for TP_1
18:48:56 **** Incremental Build of configuration Debug for project TP_1 ****
Info: Internal Builder is used for build
gcc -O0 -g3 -Wall -c -fmessage-length=0 -o "src\\TP_1.o" "..\\src\\TP_1.c" 
gcc -O0 -g3 -Wall -c -fmessage-length=0 -o "src\\CalculosAerolineas.o" "..\\src\\CalculosAerolineas.c" 
gcc -o TP_1.exe "src\\CalculosAerolineas.o" "src\\Menu.o" "src\\TP_1.o" "src\\utn_Validaciones.o" 
18:49:27 **** Incremental Build of configuration Debug for project TP_1 ****
Info: Internal Builder is used for build
gcc -O0 -g3 -Wall -c -fmessage-length=0 -o "src\\CalculosAerolineas.o" "..\\src\\CalculosAerolineas.c" 
gcc -o TP_1.exe "src\\CalculosAerolineas.o" "src\\Menu.o" "src\\TP_1.o" "src\\utn_Validaciones.o" 
18:51:06 **** Incremental Build of configuration Debug for project TP_1 ****
Info: Internal Builder is used for build
gcc -O0 -g3 -Wall -c -fmessage-length=0 -o "src\\CalculosAerolineas.o" "..\\src\\CalculosAerolineas.c" 
gcc -O0 -g3 -Wall -c -fmessage-length=0 -o "src\\TP_1.o" "..\\src\\TP_1.c" 
gcc -o TP_1.exe "src\\CalculosAerolineas.o" "src\\Menu.o" "src\\TP_1.o" "src\\utn_Validaciones.o" 
18:51:15 **** Incremental Build of configuration Debug for project TP_1 ****
Info: Internal Builder is used for build
gcc -O0 -g3 -Wall -c -fmessage-length=0 -o "src\\CalculosAerolineas.o" "..\\src\\CalculosAerolineas.c" 
gcc -o TP_1.exe "src\\CalculosAerolineas.o" "src\\Menu.o" "src\\TP_1.o" "src\\utn_Validaciones.o" 
18:55:38 **** Incremental Build of configuration Debug for project TP_1 ****
Info: Internal Builder is used for build
gcc -O0 -g3 -Wall -c -fmessage-length=0 -o "src\\CalculosAerolineas.o" "..\\src\\CalculosAerolineas.c" 
gcc -O0 -g3 -Wall -c -fmessage-length=0 -o "src\\TP_1.o" "..\\src\\TP_1.c" 
gcc -o TP_1.exe "src\\CalculosAerolineas.o" "src\\Menu.o" "src\\TP_1.o" "src\\utn_Validaciones.o" 
18:57:22 **** Incremental Build of configuration Debug for project TP_1 ****
Info: Internal Builder is used for build
gcc -O0 -g3 -Wall -c -fmessage-length=0 -o "src\\CalculosAerolineas.o" "..\\src\\CalculosAerolineas.c" 
gcc -o TP_1.exe "src\\CalculosAerolineas.o" "src\\Menu.o" "src\\TP_1.o" "src\\utn_Validaciones.o" 
18:59:52 **** Incremental Build of configuration Debug for project TP_1 ****
Info: Internal Builder is used for build
gcc -O0 -g3 -Wall -c -fmessage-length=0 -o "src\\TP_1.o" "..\\src\\TP_1.c" 
gcc -o TP_1.exe "src\\CalculosAerolineas.o" "src\\Menu.o" "src\\TP_1.o" "src\\utn_Validaciones.o" 
Info: Nothing to build for TP_1
19:01:47 **** Incremental Build of configuration Debug for project TP_1 ****
Info: Internal Builder is used for build
gcc -O0 -g3 -Wall -c -fmessage-length=0 -o "src\\TP_1.o" "..\\src\\TP_1.c" 
gcc -o TP_1.exe "src\\CalculosAerolineas.o" "src\\Menu.o" "src\\TP_1.o" "src\\utn_Validaciones.o" 
Info: Nothing to build for TP_1
Info: Nothing to build for TP_1
19:02:27 **** Incremental Build of configuration Debug for project TP_1 ****
Info: Internal Builder is used for build
gcc -O0 -g3 -Wall -c -fmessage-length=0 -o "src\\TP_1.o" "..\\src\\TP_1.c" 
gcc -o TP_1.exe "src\\CalculosAerolineas.o" "src\\Menu.o" "src\\TP_1.o" "src\\utn_Validaciones.o" 
Info: Nothing to build for TP_1
19:03:18 **** Incremental Build of configuration Debug for project TP_1 ****
Info: Internal Builder is used for build
gcc -O0 -g3 -Wall -c -fmessage-length=0 -o "src\\CalculosAerolineas.o" "..\\src\\CalculosAerolineas.c" 
gcc -o TP_1.exe "src\\CalculosAerolineas.o" "src\\Menu.o" "src\\TP_1.o" "src\\utn_Validaciones.o" 
Info: Nothing to build for TP_1
19:12:37 **** Incremental Build of configuration Debug for project TP_1 ****
Info: Internal Builder is used for build
gcc -O0 -g3 -Wall -c -fmessage-length=0 -o "src\\TP_1.o" "..\\src\\TP_1.c" 
..\src\TP_1.c: In function 'main':
..\src\TP_1.c:141:7: error: 'banderaCasoUno' undeclared (first use in this function)
       banderaCasoUno = 0;
       ^~~~~~~~~~~~~~
..\src\TP_1.c:141:7: note: each undeclared identifier is reported only once for each function it appears in
..\src\TP_1.c:142:7: error: 'banderaCasoDos' undeclared (first use in this function)
       banderaCasoDos = 0;
       ^~~~~~~~~~~~~~
19:12:44 **** Incremental Build of configuration Debug for project TP_1 ****
Info: Internal Builder is used for build
gcc -O0 -g3 -Wall -c -fmessage-length=0 -o "src\\TP_1.o" "..\\src\\TP_1.c" 
gcc -o TP_1.exe "src\\CalculosAerolineas.o" "src\\Menu.o" "src\\TP_1.o" "src\\utn_Validaciones.o" 
Info: Nothing to build for TP_1
19:13:19 **** Incremental Build of configuration Debug for project TP_1 ****
Info: Internal Builder is used for build
gcc -O0 -g3 -Wall -c -fmessage-length=0 -o "src\\TP_1.o" "..\\src\\TP_1.c" 
gcc -o TP_1.exe "src\\CalculosAerolineas.o" "src\\Menu.o" "src\\TP_1.o" "src\\utn_Validaciones.o" 
Info: Nothing to build for TP_1
19:14:30 **** Incremental Build of configuration Debug for project TP_1 ****
Info: Internal Builder is used for build
gcc -O0 -g3 -Wall -c -fmessage-length=0 -o "src\\TP_1.o" "..\\src\\TP_1.c" 
gcc -o TP_1.exe "src\\CalculosAerolineas.o" "src\\Menu.o" "src\\TP_1.o" "src\\utn_Validaciones.o" 
Info: Nothing to build for TP_1
19:15:08 **** Incremental Build of configuration Debug for project TP_1 ****
Info: Internal Builder is used for build
gcc -O0 -g3 -Wall -c -fmessage-length=0 -o "src\\TP_1.o" "..\\src\\TP_1.c" 
gcc -o TP_1.exe "src\\CalculosAerolineas.o" "src\\Menu.o" "src\\TP_1.o" "src\\utn_Validaciones.o" 
Info: Nothing to build for TP_1
Info: Nothing to build for TP_1
Info: Nothing to build for TP_1
Info: Nothing to build for TP_1
19:19:54 **** Incremental Build of configuration Debug for project TP_1 ****
Info: Internal Builder is used for build
gcc -O0 -g3 -Wall -c -fmessage-length=0 -o "src\\TP_1.o" "..\\src\\TP_1.c" 
gcc -o TP_1.exe "src\\CalculosAerolineas.o" "src\\Menu.o" "src\\TP_1.o" "src\\utn_Validaciones.o" 
Info: Nothing to build for TP_1
Info: Nothing to build for TP_1
19:27:52 **** Incremental Build of configuration Debug for project TP_1 ****
Info: Internal Builder is used for build
gcc -O0 -g3 -Wall -c -fmessage-length=0 -o "src\\CalculosAerolineas.o" "..\\src\\CalculosAerolineas.c" 
gcc -O0 -g3 -Wall -c -fmessage-length=0 -o "src\\TP_1.o" "..\\src\\TP_1.c" 
gcc -o TP_1.exe "src\\CalculosAerolineas.o" "src\\Menu.o" "src\\TP_1.o" "src\\utn_Validaciones.o" 
Info: Nothing to build for TP_1
19:31:46 **** Incremental Build of configuration Debug for project TP_1 ****
Info: Internal Builder is used for build
gcc -O0 -g3 -Wall -c -fmessage-length=0 -o "src\\TP_1.o" "..\\src\\TP_1.c" 
gcc -o TP_1.exe "src\\CalculosAerolineas.o" "src\\Menu.o" "src\\TP_1.o" "src\\utn_Validaciones.o" 
Info: Nothing to build for TP_1
19:32:15 **** Incremental Build of configuration Debug for project TP_1 ****
Info: Internal Builder is used for build
gcc -O0 -g3 -Wall -c -fmessage-length=0 -o "src\\CalculosAerolineas.o" "..\\src\\CalculosAerolineas.c" 
gcc -o TP_1.exe "src\\CalculosAerolineas.o" "src\\Menu.o" "src\\TP_1.o" "src\\utn_Validaciones.o" 
Info: Nothing to build for TP_1
19:32:34 **** Incremental Build of configuration Debug for project TP_1 ****
Info: Internal Builder is used for build
gcc -O0 -g3 -Wall -c -fmessage-length=0 -o "src\\CalculosAerolineas.o" "..\\src\\CalculosAerolineas.c" 
gcc -o TP_1.exe "src\\CalculosAerolineas.o" "src\\Menu.o" "src\\TP_1.o" "src\\utn_Validaciones.o" 
Info: Nothing to build for TP_1
Info: Nothing to build for TP_1
19:35:24 **** Incremental Build of configuration Debug for project TP_1 ****
Info: Internal Builder is used for build
gcc -O0 -g3 -Wall -c -fmessage-length=0 -o "src\\TP_1.o" "..\\src\\TP_1.c" 
gcc -O0 -g3 -Wall -c -fmessage-length=0 -o "src\\CalculosAerolineas.o" "..\\src\\CalculosAerolineas.c" 
gcc -o TP_1.exe "src\\CalculosAerolineas.o" "src\\Menu.o" "src\\TP_1.o" "src\\utn_Validaciones.o" 
19:35:45 **** Incremental Build of configuration Debug for project TP_1 ****
Info: Internal Builder is used for build
gcc -O0 -g3 -Wall -c -fmessage-length=0 -o "src\\TP_1.o" "..\\src\\TP_1.c" 
gcc -o TP_1.exe "src\\CalculosAerolineas.o" "src\\Menu.o" "src\\TP_1.o" "src\\utn_Validaciones.o" 
Info: Nothing to build for TP_1
19:37:14 **** Incremental Build of configuration Debug for project TP_1 ****
Info: Internal Builder is used for build
gcc -O0 -g3 -Wall -c -fmessage-length=0 -o "src\\TP_1.o" "..\\src\\TP_1.c" 
gcc -o TP_1.exe "src\\CalculosAerolineas.o" "src\\Menu.o" "src\\TP_1.o" "src\\utn_Validaciones.o" 
Info: Nothing to build for TP_1
19:37:53 **** Incremental Build of configuration Debug for project TP_1 ****
Info: Internal Builder is used for build
gcc -O0 -g3 -Wall -c -fmessage-length=0 -o "src\\TP_1.o" "..\\src\\TP_1.c" 
gcc -o TP_1.exe "src\\CalculosAerolineas.o" "src\\Menu.o" "src\\TP_1.o" "src\\utn_Validaciones.o" 
19:46:43 **** Incremental Build of configuration Debug for project TP_1 ****
Info: Internal Builder is used for build
gcc -O0 -g3 -Wall -c -fmessage-length=0 -o "src\\CalculosAerolineas.o" "..\\src\\CalculosAerolineas.c" 
gcc -o TP_1.exe "src\\CalculosAerolineas.o" "src\\Menu.o" "src\\TP_1.o" "src\\utn_Validaciones.o" 
Info: Nothing to build for TP_1
Info: Nothing to build for TP_1
19:47:08 **** Incremental Build of configuration Debug for project TP_1 ****
Info: Internal Builder is used for build
gcc -O0 -g3 -Wall -c -fmessage-length=0 -o "src\\CalculosAerolineas.o" "..\\src\\CalculosAerolineas.c" 
gcc -o TP_1.exe "src\\CalculosAerolineas.o" "src\\Menu.o" "src\\TP_1.o" "src\\utn_Validaciones.o" 
Info: Nothing to build for TP_1
Info: Nothing to build for TP_1
Info: Nothing to build for TP_1
Info: Nothing to build for TP_1
Info: Nothing to build for TP_1
19:49:04 **** Incremental Build of configuration Debug for project TP_1 ****
Info: Internal Builder is used for build
gcc -O0 -g3 -Wall -c -fmessage-length=0 -o "src\\TP_1.o" "..\\src\\TP_1.c" 
gcc -o TP_1.exe "src\\CalculosAerolineas.o" "src\\Menu.o" "src\\TP_1.o" "src\\utn_Validaciones.o" 
Info: Nothing to build for TP_1
19:52:44 **** Incremental Build of configuration Debug for project TP_1 ****
Info: Internal Builder is used for build
gcc -O0 -g3 -Wall -c -fmessage-length=0 -o "src\\TP_1.o" "..\\src\\TP_1.c" 
gcc -o TP_1.exe "src\\CalculosAerolineas.o" "src\\Menu.o" "src\\TP_1.o" "src\\utn_Validaciones.o" 
Info: Nothing to build for TP_1
Info: Nothing to build for TP_1
Info: Nothing to build for TP_1
19:57:09 **** Incremental Build of configuration Debug for project TP_1 ****
Info: Internal Builder is used for build
gcc -O0 -g3 -Wall -c -fmessage-length=0 -o "src\\TP_1.o" "..\\src\\TP_1.c" 
gcc -o TP_1.exe "src\\CalculosAerolineas.o" "src\\Menu.o" "src\\TP_1.o" "src\\utn_Validaciones.o" 
